2025-07-23 10:05:47,687 [ERROR] [FATAL] Folder tidak ditemukan: '/home/KnowledgeWorkflow/vault/template'
2025-07-23 10:09:02,240 [INFO] Memantau folder: /home/duden/KnowledgeWorkflow/vault/template
2025-07-23 10:23:35,061 [INFO] File dikunci: /home/duden/KnowledgeWorkflow/vault/template/file.md.processing
2025-07-23 10:23:35,091 [INFO] Berhasil kirim ke Notion: /home/duden/KnowledgeWorkflow/vault/template/file.md.processing
2025-07-23 10:25:38,100 [INFO] File dikunci: /home/duden/KnowledgeWorkflow/vault/template/t2.md.processing
2025-07-23 10:25:38,123 [INFO] Berhasil kirim ke Notion: /home/duden/KnowledgeWorkflow/vault/template/t2.md.processing
2025-07-23 10:27:51,741 [INFO] File dikunci: /home/duden/KnowledgeWorkflow/vault/template/t22.md.processing
2025-07-23 10:27:51,771 [INFO] Berhasil kirim ke Notion: /home/duden/KnowledgeWorkflow/vault/template/t22.md.processing
2025-07-23 10:29:31,575 [INFO] File dikunci: /home/duden/KnowledgeWorkflow/vault/template/t222.md.processing
2025-07-23 10:29:31,605 [INFO] Berhasil kirim ke Notion: /home/duden/KnowledgeWorkflow/vault/template/t222.md.processing
2025-07-23 10:37:09,590 [INFO] File dikunci: /home/duden/KnowledgeWorkflow/vault/template/file109.md.processing
2025-07-23 10:37:09,614 [INFO] Berhasil kirim ke Notion: /home/duden/KnowledgeWorkflow/vault/template/file109.md.processing
2025-07-23 10:50:51,831 [INFO] Memantau folder: /home/duden/KnowledgeWorkflow/vault/template
2025-07-23 10:50:59,866 [INFO] File dikunci: /home/duden/KnowledgeWorkflow/vault/template/file109.md.processing
2025-07-23 10:51:01,578 [INFO] Berhasil kirim ke Notion: /home/duden/KnowledgeWorkflow/vault/template/file109.md.processing
2025-07-23 11:42:02,961 [INFO] File dikunci: /home/duden/KnowledgeWorkflow/vault/template/t22.md.processing
2025-07-23 11:42:05,134 [INFO] Berhasil kirim ke Notion: /home/duden/KnowledgeWorkflow/vault/template/t22.md.processing
2025-07-23 11:45:07,115 [INFO] File dikunci: /home/duden/KnowledgeWorkflow/vault/template/t23.md.processing
2025-07-23 11:45:08,372 [INFO] Berhasil kirim ke Notion: /home/duden/KnowledgeWorkflow/vault/template/t23.md.processing
2025-07-23 13:45:59,503 [INFO] Memantau folder: /home/duden/KnowledgeWorkflow/vault/template
2025-07-23 13:48:59,324 [INFO] Memantau folder: /home/duden/KnowledgeWorkflow/vault/template
2025-07-23 13:54:28,189 [INFO] File dikunci: /home/duden/KnowledgeWorkflow/vault/template/gow.md.processing
2025-07-23 13:54:28,723 [ERROR] Gagal menjalankan publish_to_notion.py. Error: Command '['/home/duden/KnowledgeWorkflow/scripts/venv/bin/python', '/home/duden/KnowledgeWorkflow/scripts/publish_to_notion.py', '/home/duden/KnowledgeWorkflow/vault/template/gow.md.processing']' returned non-zero exit status 1.
2025-07-23 14:04:33,581 [INFO] File dikunci: /home/duden/KnowledgeWorkflow/vault/template/cc.md.processing
2025-07-23 14:04:33,923 [ERROR] Gagal menjalankan publish_to_notion.py. Error: Command '['/home/duden/KnowledgeWorkflow/scripts/venv/bin/python', '/home/duden/KnowledgeWorkflow/scripts/publish_to_notion.py', '/home/duden/KnowledgeWorkflow/vault/template/cc.md.processing']' returned non-zero exit status 1.
2025-07-23 14:08:53,265 [INFO] File dikunci: /home/duden/KnowledgeWorkflow/vault/template/t22.md.processing
2025-07-23 14:08:55,768 [INFO] Berhasil kirim ke Notion: /home/duden/KnowledgeWorkflow/vault/template/t22.md.processing
2025-07-23 14:11:12,665 [INFO] File dikunci: /home/duden/KnowledgeWorkflow/vault/template/aadc.md.processing
2025-07-23 14:11:13,771 [INFO] Berhasil kirim ke Notion: /home/duden/KnowledgeWorkflow/vault/template/aadc.md.processing
2025-07-23 14:12:20,826 [INFO] File dikunci: /home/duden/KnowledgeWorkflow/vault/template/addcopy.md.processing
2025-07-23 14:12:21,866 [INFO] Berhasil kirim ke Notion: /home/duden/KnowledgeWorkflow/vault/template/addcopy.md.processing
2025-07-24 08:33:33,783 [INFO] Memantau folder: /home/duden/KnowledgeWorkflow/vault/template
2025-07-24 08:35:59,657 [INFO] File dikunci: /home/duden/KnowledgeWorkflow/vault/template/low.md.processing
2025-07-24 08:36:02,205 [INFO] Berhasil kirim ke Notion: /home/duden/KnowledgeWorkflow/vault/template/low.md.processing
2025-07-24 09:54:34,710 [INFO] File dikunci: /home/duden/KnowledgeWorkflow/vault/template/next.md.processing
2025-07-24 09:54:37,153 [INFO] Berhasil kirim ke Notion: /home/duden/KnowledgeWorkflow/vault/template/next.md.processing
2025-07-24 11:23:46,016 [INFO] File dikunci: /home/duden/KnowledgeWorkflow/vault/template/oc.md.processing
2025-07-24 11:23:47,906 [INFO] Berhasil kirim ke Notion: /home/duden/KnowledgeWorkflow/vault/template/oc.md.processing
2025-07-24 11:37:46,192 [INFO] File dikunci: /home/duden/KnowledgeWorkflow/vault/template/t1.md.processing
2025-07-24 11:37:47,793 [INFO] Berhasil kirim ke Notion: /home/duden/KnowledgeWorkflow/vault/template/t1.md.processing
2025-07-24 11:54:22,278 [INFO] File dikunci: /home/duden/KnowledgeWorkflow/vault/template/t2.md.processing
2025-07-24 11:54:26,486 [INFO] Berhasil kirim ke Notion: /home/duden/KnowledgeWorkflow/vault/template/t2.md.processing
2025-07-24 12:17:26,327 [INFO] File dikunci: /home/duden/KnowledgeWorkflow/vault/template/file1.md.processing
2025-07-24 12:17:28,203 [INFO] Berhasil kirim ke Notion: /home/duden/KnowledgeWorkflow/vault/template/file1.md.processing
2025-07-24 13:44:31,727 [INFO] File dikunci: /home/duden/KnowledgeWorkflow/vault/template/contoh.md.processing
2025-07-24 13:44:35,959 [INFO] Berhasil kirim ke Notion: /home/duden/KnowledgeWorkflow/vault/template/contoh.md.processing
2025-07-24 14:56:02,548 [INFO] File dikunci: /home/duden/KnowledgeWorkflow/vault/template/file2.md.processing
2025-07-24 14:56:04,398 [INFO] Berhasil kirim ke Notion: /home/duden/KnowledgeWorkflow/vault/template/file2.md.processing
2025-07-25 08:25:19,741 [INFO] Memantau folder: /home/duden/KnowledgeWorkflow/vault/template
2025-07-25 08:40:40,038 [INFO] File dikunci: /home/duden/KnowledgeWorkflow/vault/template/file3.md.processing
2025-07-25 08:40:41,618 [INFO] Berhasil kirim ke Notion: /home/duden/KnowledgeWorkflow/vault/template/file3.md.processing
2025-07-28 08:14:18,576 [INFO] Memantau folder: /home/duden/KnowledgeWorkflow/vault/template
2025-07-28 10:28:30,792 [INFO] Memantau folder: /home/duden/KnowledgeWorkflow/vault/template
2025-07-28 10:38:22,730 [INFO] Memantau folder: /home/duden/KnowledgeWorkflow/vault/template
2025-07-28 10:45:41,117 [INFO] Memantau folder: /home/duden/KnowledgeWorkflow/vault/template
2025-07-28 11:05:10,808 [INFO] Memantau folder: /home/duden/KnowledgeWorkflow/vault/template
2025-07-29 08:42:24,791 [INFO] Memantau folder: /home/duden/KnowledgeWorkflow/vault/template
2025-07-29 09:46:48,907 [INFO] Memantau folder: /home/duden/KnowledgeWorkflow/vault/template
2025-07-29 09:48:48,313 [INFO] Memantau folder: /home/duden/KnowledgeWorkflow/vault/template
2025-07-29 09:56:58,533 [INFO] Memantau folder: /home/duden/KnowledgeWorkflow/vault/template
2025-07-29 10:06:18,733 [INFO] Memantau folder: /home/duden/KnowledgeWorkflow/vault/template
2025-07-29 10:46:18,906 [INFO] Memantau folder: /home/duden/KnowledgeWorkflow/vault/template
2025-07-29 13:28:52,464 [INFO] File dikunci: /home/duden/KnowledgeWorkflow/vault/template/file4.md.processing
2025-07-29 13:28:54,287 [INFO] Berhasil kirim ke Notion: /home/duden/KnowledgeWorkflow/vault/template/file4.md.processing
2025-07-30 08:46:29,412 [INFO] Memantau folder: /home/duden/KnowledgeWorkflow/vault/template
2025-07-30 09:13:06,105 [INFO] File dikunci: /home/duden/KnowledgeWorkflow/vault/template/file6.md.processing
2025-07-30 09:13:08,932 [INFO] Berhasil kirim ke Notion: /home/duden/KnowledgeWorkflow/vault/template/file6.md.processing
2025-07-30 09:15:04,274 [INFO] File dikunci: /home/duden/KnowledgeWorkflow/vault/template/file7.md.processing
2025-07-30 09:15:06,354 [INFO] Berhasil kirim ke Notion: /home/duden/KnowledgeWorkflow/vault/template/file7.md.processing
2025-07-30 09:30:53,739 [INFO] File dikunci: /home/duden/KnowledgeWorkflow/vault/template/filetest.md.processing
2025-07-30 09:30:57,485 [INFO] Berhasil kirim ke Notion: /home/duden/KnowledgeWorkflow/vault/template/filetest.md.processing
2025-07-30 10:24:28,953 [INFO] File dikunci: /home/duden/KnowledgeWorkflow/vault/template/filetest1.md.processing
2025-07-30 10:24:30,399 [INFO] Berhasil kirim ke Notion: /home/duden/KnowledgeWorkflow/vault/template/filetest1.md.processing
2025-07-30 10:34:22,219 [INFO] Memantau folder: /home/duden/KnowledgeWorkflow/vault/template
2025-07-30 10:38:28,113 [DEBUG] [DEBUG] Memulai watcher service
2025-07-30 10:38:28,115 [INFO] Memantau folder: /home/duden/KnowledgeWorkflow/vault/template
2025-07-30 10:38:45,819 [DEBUG] in-event <InotifyEvent: src_path=b'/home/duden/KnowledgeWorkflow/vault/template', wd=1, mask=IN_ISDIR|IN_OPEN, cookie=0, name=''>
2025-07-30 10:38:45,820 [DEBUG] in-event <InotifyEvent: src_path=b'/home/duden/KnowledgeWorkflow/vault/template', wd=1, mask=IN_CLOSE_NOWRITE|IN_ISDIR, cookie=0, name=''>
2025-07-30 10:39:04,068 [DEBUG] in-event <InotifyEvent: src_path=b'/home/duden/KnowledgeWorkflow/vault/template', wd=1, mask=IN_ISDIR|IN_OPEN, cookie=0, name=''>
2025-07-30 10:39:04,069 [DEBUG] in-event <InotifyEvent: src_path=b'/home/duden/KnowledgeWorkflow/vault/template', wd=1, mask=IN_CLOSE_NOWRITE|IN_ISDIR, cookie=0, name=''>
2025-07-30 10:39:04,679 [DEBUG] in-event <InotifyEvent: src_path=b'/home/duden/KnowledgeWorkflow/vault/template', wd=1, mask=IN_ISDIR|IN_OPEN, cookie=0, name=''>
2025-07-30 10:39:04,679 [DEBUG] in-event <InotifyEvent: src_path=b'/home/duden/KnowledgeWorkflow/vault/template', wd=1, mask=IN_CLOSE_NOWRITE|IN_ISDIR, cookie=0, name=''>
2025-07-30 10:39:14,645 [DEBUG] in-event <InotifyEvent: src_path=b'/home/duden/KnowledgeWorkflow/vault/template', wd=1, mask=IN_ISDIR|IN_OPEN, cookie=0, name=''>
2025-07-30 10:39:14,646 [DEBUG] in-event <InotifyEvent: src_path=b'/home/duden/KnowledgeWorkflow/vault/template', wd=1, mask=IN_CLOSE_NOWRITE|IN_ISDIR, cookie=0, name=''>
2025-07-30 10:39:14,648 [DEBUG] in-event <InotifyEvent: src_path=b'/home/duden/KnowledgeWorkflow/vault/template/filetest2.md', wd=1, mask=IN_MOVED_TO, cookie=3136, name='filetest2.md'>
2025-07-30 10:39:14,648 [DEBUG] could not find matching move_from event
2025-07-30 10:39:16,649 [INFO] File dikunci: /home/duden/KnowledgeWorkflow/vault/template/filetest2.md.processing
2025-07-30 10:39:16,652 [DEBUG] in-event <InotifyEvent: src_path=b'/home/duden/KnowledgeWorkflow/vault/template/filetest2.md', wd=1, mask=IN_MOVED_FROM, cookie=3137, name='filetest2.md'>
2025-07-30 10:39:16,653 [DEBUG] in-event <InotifyEvent: src_path=b'/home/duden/KnowledgeWorkflow/vault/template/filetest2.md.processing', wd=1, mask=IN_MOVED_TO, cookie=3137, name='filetest2.md.processing'>
2025-07-30 10:39:16,944 [DEBUG] in-event <InotifyEvent: src_path=b'/home/duden/KnowledgeWorkflow/vault/template/filetest2.md.processing', wd=1, mask=IN_OPEN, cookie=0, name='filetest2.md.processing'>
2025-07-30 10:39:16,945 [DEBUG] in-event <InotifyEvent: src_path=b'/home/duden/KnowledgeWorkflow/vault/template/filetest2.md.processing', wd=1, mask=IN_CLOSE_NOWRITE, cookie=0, name='filetest2.md.processing'>
2025-07-30 10:39:17,247 [DEBUG] in-event <InotifyEvent: src_path=b'/home/duden/KnowledgeWorkflow/vault/template', wd=1, mask=IN_ISDIR|IN_OPEN, cookie=0, name=''>
2025-07-30 10:39:17,248 [DEBUG] in-event <InotifyEvent: src_path=b'/home/duden/KnowledgeWorkflow/vault/template', wd=1, mask=IN_CLOSE_NOWRITE|IN_ISDIR, cookie=0, name=''>
2025-07-30 10:39:18,266 [DEBUG] in-event <InotifyEvent: src_path=b'/home/duden/KnowledgeWorkflow/vault/template/filetest2.md.processing', wd=1, mask=IN_MOVED_FROM, cookie=3138, name='filetest2.md.processing'>
2025-07-30 10:39:18,319 [INFO] Berhasil kirim ke Notion: /home/duden/KnowledgeWorkflow/vault/template/filetest2.md.processing
2025-07-30 10:39:18,319 [DEBUG] [DEBUG] Mencoba kirim ke Telegram: filetest2.md Berhasil Dikirim
2025-07-30 10:39:18,323 [DEBUG] Starting new HTTPS connection (1): api.telegram.org:443
2025-07-30 10:39:18,877 [DEBUG] in-event <InotifyEvent: src_path=b'/home/duden/KnowledgeWorkflow/vault/template', wd=1, mask=IN_ISDIR|IN_OPEN, cookie=0, name=''>
2025-07-30 10:39:18,878 [DEBUG] in-event <InotifyEvent: src_path=b'/home/duden/KnowledgeWorkflow/vault/template', wd=1, mask=IN_CLOSE_NOWRITE|IN_ISDIR, cookie=0, name=''>
2025-07-30 10:39:19,288 [DEBUG] https://api.telegram.org:443 "POST /bot8435540753:AAFpr6cZcjTJwPwu21auk2MUCqpi8lOiCNo/sendMessage HTTP/1.1" 200 343
2025-07-30 10:39:19,289 [INFO] [TELEGRAM OK] Notifikasi terkirim: filetest2.md Berhasil Dikirim
2025-07-30 10:39:53,229 [DEBUG] in-event <InotifyEvent: src_path=b'/home/duden/KnowledgeWorkflow/vault/template', wd=1, mask=IN_ISDIR|IN_OPEN, cookie=0, name=''>
2025-07-30 10:39:53,231 [DEBUG] in-event <InotifyEvent: src_path=b'/home/duden/KnowledgeWorkflow/vault/template', wd=1, mask=IN_CLOSE_NOWRITE|IN_ISDIR, cookie=0, name=''>
2025-07-30 10:41:04,643 [DEBUG] in-event <InotifyEvent: src_path=b'/home/duden/KnowledgeWorkflow/vault/template', wd=1, mask=IN_ISDIR|IN_OPEN, cookie=0, name=''>
2025-07-30 10:41:04,646 [DEBUG] in-event <InotifyEvent: src_path=b'/home/duden/KnowledgeWorkflow/vault/template', wd=1, mask=IN_CLOSE_NOWRITE|IN_ISDIR, cookie=0, name=''>
2025-07-30 10:41:04,654 [DEBUG] in-event <InotifyEvent: src_path=b'/home/duden/KnowledgeWorkflow/vault/template', wd=1, mask=IN_ISDIR|IN_OPEN, cookie=0, name=''>
2025-07-30 10:41:04,654 [DEBUG] in-event <InotifyEvent: src_path=b'/home/duden/KnowledgeWorkflow/vault/template', wd=1, mask=IN_CLOSE_NOWRITE|IN_ISDIR, cookie=0, name=''>
2025-07-30 10:41:26,940 [DEBUG] in-event <InotifyEvent: src_path=b'/home/duden/KnowledgeWorkflow/vault/template', wd=1, mask=IN_ISDIR|IN_OPEN, cookie=0, name=''>
2025-07-30 10:41:26,940 [DEBUG] in-event <InotifyEvent: src_path=b'/home/duden/KnowledgeWorkflow/vault/template', wd=1, mask=IN_CLOSE_NOWRITE|IN_ISDIR, cookie=0, name=''>
2025-07-30 10:41:58,122 [DEBUG] in-event <InotifyEvent: src_path=b'/home/duden/KnowledgeWorkflow/vault/template', wd=1, mask=IN_ISDIR|IN_OPEN, cookie=0, name=''>
2025-07-30 10:41:58,122 [DEBUG] in-event <InotifyEvent: src_path=b'/home/duden/KnowledgeWorkflow/vault/template', wd=1, mask=IN_CLOSE_NOWRITE|IN_ISDIR, cookie=0, name=''>
2025-07-30 10:42:53,790 [DEBUG] in-event <InotifyEvent: src_path=b'/home/duden/KnowledgeWorkflow/vault/template', wd=1, mask=IN_ISDIR|IN_OPEN, cookie=0, name=''>
2025-07-30 10:42:53,792 [DEBUG] in-event <InotifyEvent: src_path=b'/home/duden/KnowledgeWorkflow/vault/template', wd=1, mask=IN_CLOSE_NOWRITE|IN_ISDIR, cookie=0, name=''>
2025-07-30 10:43:55,188 [DEBUG] in-event <InotifyEvent: src_path=b'/home/duden/KnowledgeWorkflow/vault/template', wd=1, mask=IN_ISDIR|IN_OPEN, cookie=0, name=''>
2025-07-30 10:43:55,190 [DEBUG] in-event <InotifyEvent: src_path=b'/home/duden/KnowledgeWorkflow/vault/template', wd=1, mask=IN_CLOSE_NOWRITE|IN_ISDIR, cookie=0, name=''>
2025-07-30 10:44:45,937 [DEBUG] in-event <InotifyEvent: src_path=b'/home/duden/KnowledgeWorkflow/vault/template', wd=1, mask=IN_ISDIR|IN_OPEN, cookie=0, name=''>
2025-07-30 10:44:45,939 [DEBUG] in-event <InotifyEvent: src_path=b'/home/duden/KnowledgeWorkflow/vault/template', wd=1, mask=IN_CLOSE_NOWRITE|IN_ISDIR, cookie=0, name=''>
2025-07-30 10:44:57,843 [DEBUG] in-event <InotifyEvent: src_path=b'/home/duden/KnowledgeWorkflow/vault/template', wd=1, mask=IN_ISDIR|IN_OPEN, cookie=0, name=''>
2025-07-30 10:44:57,844 [DEBUG] in-event <InotifyEvent: src_path=b'/home/duden/KnowledgeWorkflow/vault/template', wd=1, mask=IN_CLOSE_NOWRITE|IN_ISDIR, cookie=0, name=''>
2025-07-30 10:45:12,886 [DEBUG] in-event <InotifyEvent: src_path=b'/home/duden/KnowledgeWorkflow/vault/template', wd=1, mask=IN_ISDIR|IN_OPEN, cookie=0, name=''>
2025-07-30 10:45:12,890 [DEBUG] in-event <InotifyEvent: src_path=b'/home/duden/KnowledgeWorkflow/vault/template', wd=1, mask=IN_CLOSE_NOWRITE|IN_ISDIR, cookie=0, name=''>
2025-07-30 10:45:25,151 [DEBUG] in-event <InotifyEvent: src_path=b'/home/duden/KnowledgeWorkflow/vault/template/filetest3.md', wd=1, mask=IN_MOVED_TO, cookie=3192, name='filetest3.md'>
2025-07-30 10:45:25,151 [DEBUG] could not find matching move_from event
2025-07-30 10:45:25,151 [DEBUG] in-event <InotifyEvent: src_path=b'/home/duden/KnowledgeWorkflow/vault/template', wd=1, mask=IN_ISDIR|IN_OPEN, cookie=0, name=''>
2025-07-30 10:45:25,152 [DEBUG] in-event <InotifyEvent: src_path=b'/home/duden/KnowledgeWorkflow/vault/template', wd=1, mask=IN_CLOSE_NOWRITE|IN_ISDIR, cookie=0, name=''>
2025-07-30 10:45:27,152 [DEBUG] in-event <InotifyEvent: src_path=b'/home/duden/KnowledgeWorkflow/vault/template/filetest3.md', wd=1, mask=IN_MOVED_FROM, cookie=3193, name='filetest3.md'>
2025-07-30 10:45:27,153 [DEBUG] in-event <InotifyEvent: src_path=b'/home/duden/KnowledgeWorkflow/vault/template/filetest3.md.processing', wd=1, mask=IN_MOVED_TO, cookie=3193, name='filetest3.md.processing'>
2025-07-30 10:45:27,155 [INFO] File dikunci: /home/duden/KnowledgeWorkflow/vault/template/filetest3.md.processing
2025-07-30 10:45:27,448 [DEBUG] in-event <InotifyEvent: src_path=b'/home/duden/KnowledgeWorkflow/vault/template/filetest3.md.processing', wd=1, mask=IN_OPEN, cookie=0, name='filetest3.md.processing'>
2025-07-30 10:45:27,448 [DEBUG] in-event <InotifyEvent: src_path=b'/home/duden/KnowledgeWorkflow/vault/template/filetest3.md.processing', wd=1, mask=IN_CLOSE_NOWRITE, cookie=0, name='filetest3.md.processing'>
2025-07-30 10:45:27,761 [DEBUG] in-event <InotifyEvent: src_path=b'/home/duden/KnowledgeWorkflow/vault/template', wd=1, mask=IN_ISDIR|IN_OPEN, cookie=0, name=''>
2025-07-30 10:45:27,762 [DEBUG] in-event <InotifyEvent: src_path=b'/home/duden/KnowledgeWorkflow/vault/template', wd=1, mask=IN_CLOSE_NOWRITE|IN_ISDIR, cookie=0, name=''>
2025-07-30 10:45:28,759 [DEBUG] in-event <InotifyEvent: src_path=b'/home/duden/KnowledgeWorkflow/vault/template/filetest3.md.processing', wd=1, mask=IN_MOVED_FROM, cookie=3194, name='filetest3.md.processing'>
2025-07-30 10:45:28,814 [INFO] Berhasil kirim ke Notion: /home/duden/KnowledgeWorkflow/vault/template/filetest3.md.processing
2025-07-30 10:45:28,814 [DEBUG] [DEBUG] Mencoba kirim ke Telegram: filetest3.md Berhasil Dikirim
2025-07-30 10:45:28,816 [DEBUG] Starting new HTTPS connection (1): api.telegram.org:443
2025-07-30 10:45:29,381 [DEBUG] in-event <InotifyEvent: src_path=b'/home/duden/KnowledgeWorkflow/vault/template', wd=1, mask=IN_ISDIR|IN_OPEN, cookie=0, name=''>
2025-07-30 10:45:29,382 [DEBUG] in-event <InotifyEvent: src_path=b'/home/duden/KnowledgeWorkflow/vault/template', wd=1, mask=IN_CLOSE_NOWRITE|IN_ISDIR, cookie=0, name=''>
2025-07-30 10:45:29,884 [DEBUG] https://api.telegram.org:443 "POST /bot8435540753:AAFpr6cZcjTJwPwu21auk2MUCqpi8lOiCNo/sendMessage HTTP/1.1" 200 343
2025-07-30 10:45:29,885 [INFO] [TELEGRAM OK] Notifikasi terkirim: filetest3.md Berhasil Dikirim
2025-07-30 10:45:37,515 [DEBUG] in-event <InotifyEvent: src_path=b'/home/duden/KnowledgeWorkflow/vault/template', wd=1, mask=IN_ISDIR|IN_OPEN, cookie=0, name=''>
2025-07-30 10:45:37,516 [DEBUG] in-event <InotifyEvent: src_path=b'/home/duden/KnowledgeWorkflow/vault/template', wd=1, mask=IN_CLOSE_NOWRITE|IN_ISDIR, cookie=0, name=''>
2025-07-30 10:48:52,637 [DEBUG] in-event <InotifyEvent: src_path=b'/home/duden/KnowledgeWorkflow/vault/template', wd=1, mask=IN_ISDIR|IN_OPEN, cookie=0, name=''>
2025-07-30 10:48:52,638 [DEBUG] in-event <InotifyEvent: src_path=b'/home/duden/KnowledgeWorkflow/vault/template', wd=1, mask=IN_CLOSE_NOWRITE|IN_ISDIR, cookie=0, name=''>
2025-07-30 10:49:36,723 [DEBUG] in-event <InotifyEvent: src_path=b'/home/duden/KnowledgeWorkflow/vault/template', wd=1, mask=IN_ISDIR|IN_OPEN, cookie=0, name=''>
2025-07-30 10:49:36,723 [DEBUG] in-event <InotifyEvent: src_path=b'/home/duden/KnowledgeWorkflow/vault/template', wd=1, mask=IN_CLOSE_NOWRITE|IN_ISDIR, cookie=0, name=''>
2025-07-30 10:50:42,527 [DEBUG] in-event <InotifyEvent: src_path=b'/home/duden/KnowledgeWorkflow/vault/template', wd=1, mask=IN_ISDIR|IN_OPEN, cookie=0, name=''>
2025-07-30 10:50:42,528 [DEBUG] in-event <InotifyEvent: src_path=b'/home/duden/KnowledgeWorkflow/vault/template', wd=1, mask=IN_CLOSE_NOWRITE|IN_ISDIR, cookie=0, name=''>
2025-07-30 10:51:09,859 [DEBUG] in-event <InotifyEvent: src_path=b'/home/duden/KnowledgeWorkflow/vault/template', wd=1, mask=IN_ISDIR|IN_OPEN, cookie=0, name=''>
2025-07-30 10:51:09,859 [DEBUG] in-event <InotifyEvent: src_path=b'/home/duden/KnowledgeWorkflow/vault/template', wd=1, mask=IN_CLOSE_NOWRITE|IN_ISDIR, cookie=0, name=''>
2025-07-30 10:52:07,898 [DEBUG] in-event <InotifyEvent: src_path=b'/home/duden/KnowledgeWorkflow/vault/template', wd=1, mask=IN_ISDIR|IN_OPEN, cookie=0, name=''>
2025-07-30 10:52:07,900 [DEBUG] in-event <InotifyEvent: src_path=b'/home/duden/KnowledgeWorkflow/vault/template', wd=1, mask=IN_CLOSE_NOWRITE|IN_ISDIR, cookie=0, name=''>
2025-07-30 10:54:29,945 [DEBUG] in-event <InotifyEvent: src_path=b'/home/duden/KnowledgeWorkflow/vault/template', wd=1, mask=IN_ISDIR|IN_OPEN, cookie=0, name=''>
2025-07-30 10:54:29,946 [DEBUG] in-event <InotifyEvent: src_path=b'/home/duden/KnowledgeWorkflow/vault/template', wd=1, mask=IN_CLOSE_NOWRITE|IN_ISDIR, cookie=0, name=''>
2025-07-30 10:54:54,941 [DEBUG] in-event <InotifyEvent: src_path=b'/home/duden/KnowledgeWorkflow/vault/template', wd=1, mask=IN_ISDIR|IN_OPEN, cookie=0, name=''>
2025-07-30 10:54:54,942 [DEBUG] in-event <InotifyEvent: src_path=b'/home/duden/KnowledgeWorkflow/vault/template', wd=1, mask=IN_CLOSE_NOWRITE|IN_ISDIR, cookie=0, name=''>
2025-07-30 10:55:18,489 [DEBUG] in-event <InotifyEvent: src_path=b'/home/duden/KnowledgeWorkflow/vault/template', wd=1, mask=IN_ISDIR|IN_OPEN, cookie=0, name=''>
2025-07-30 10:55:18,489 [DEBUG] in-event <InotifyEvent: src_path=b'/home/duden/KnowledgeWorkflow/vault/template', wd=1, mask=IN_CLOSE_NOWRITE|IN_ISDIR, cookie=0, name=''>
2025-07-30 10:57:30,155 [DEBUG] in-event <InotifyEvent: src_path=b'/home/duden/KnowledgeWorkflow/vault/template', wd=1, mask=IN_ISDIR|IN_OPEN, cookie=0, name=''>
2025-07-30 10:57:30,156 [DEBUG] in-event <InotifyEvent: src_path=b'/home/duden/KnowledgeWorkflow/vault/template', wd=1, mask=IN_CLOSE_NOWRITE|IN_ISDIR, cookie=0, name=''>
2025-07-30 10:58:28,104 [DEBUG] in-event <InotifyEvent: src_path=b'/home/duden/KnowledgeWorkflow/vault/template', wd=1, mask=IN_ISDIR|IN_OPEN, cookie=0, name=''>
2025-07-30 10:58:28,106 [DEBUG] in-event <InotifyEvent: src_path=b'/home/duden/KnowledgeWorkflow/vault/template', wd=1, mask=IN_CLOSE_NOWRITE|IN_ISDIR, cookie=0, name=''>
2025-07-30 10:58:32,703 [DEBUG] in-event <InotifyEvent: src_path=b'/home/duden/KnowledgeWorkflow/vault/template', wd=1, mask=IN_ISDIR|IN_OPEN, cookie=0, name=''>
2025-07-30 10:58:32,704 [DEBUG] in-event <InotifyEvent: src_path=b'/home/duden/KnowledgeWorkflow/vault/template', wd=1, mask=IN_CLOSE_NOWRITE|IN_ISDIR, cookie=0, name=''>
2025-07-30 10:58:42,929 [DEBUG] in-event <InotifyEvent: src_path=b'/home/duden/KnowledgeWorkflow/vault/template', wd=1, mask=IN_ISDIR|IN_OPEN, cookie=0, name=''>
2025-07-30 10:58:42,930 [DEBUG] in-event <InotifyEvent: src_path=b'/home/duden/KnowledgeWorkflow/vault/template', wd=1, mask=IN_CLOSE_NOWRITE|IN_ISDIR, cookie=0, name=''>
2025-07-30 10:59:13,174 [DEBUG] in-event <InotifyEvent: src_path=b'/home/duden/KnowledgeWorkflow/vault/template', wd=1, mask=IN_ISDIR|IN_OPEN, cookie=0, name=''>
2025-07-30 10:59:13,174 [DEBUG] in-event <InotifyEvent: src_path=b'/home/duden/KnowledgeWorkflow/vault/template', wd=1, mask=IN_CLOSE_NOWRITE|IN_ISDIR, cookie=0, name=''>
2025-07-30 10:59:30,104 [INFO] Memantau folder: /home/duden/KnowledgeWorkflow/vault/template
2025-07-30 11:06:43,842 [INFO] Memantau folder: /home/duden/KnowledgeWorkflow/vault/template
2025-07-30 11:07:25,345 [INFO] File dikunci: /home/duden/KnowledgeWorkflow/vault/template/filetest4.md.processing
2025-07-30 11:07:27,022 [INFO] Berhasil kirim ke Notion: /home/duden/KnowledgeWorkflow/vault/template/filetest4.md.processing
2025-07-30 11:07:28,192 [INFO] Berhasil kirim ke Telegram: ✅ *Berhasil Publish ke Notion* `filetest4.md`
2025-07-30 11:09:45,274 [INFO] Memantau folder: /home/duden/KnowledgeWorkflow/vault/template
2025-07-30 11:10:21,577 [INFO] File dikunci: /home/duden/KnowledgeWorkflow/vault/template/filetest5.md.processing
2025-07-30 11:10:22,867 [INFO] Berhasil kirim ke Notion: /home/duden/KnowledgeWorkflow/vault/template/filetest5.md.processing
2025-07-30 11:10:24,241 [INFO] Berhasil kirim ke Telegram: ✅ Berhasil Publish ke Notion filetest5.md
